
*** Running vivado
    with args -log top_Wallace_Multiplier.vdi -applog -m64 -product Vivado -messageDb vivado.pb -mode batch -source top_Wallace_Multiplier.tcl -notrace


****** Vivado v2018.2 (64-bit)
  **** SW Build 2258646 on Thu Jun 14 20:02:38 MDT 2018
  **** IP Build 2256618 on Thu Jun 14 22:10:49 MDT 2018
    ** Copyright 1986-2018 Xilinx, Inc. All Rights Reserved.

source top_Wallace_Multiplier.tcl -notrace
create_project: Time (s): cpu = 00:00:09 ; elapsed = 00:00:19 . Memory (MB): peak = 1384.520 ; gain = 118.020 ; free physical = 266943 ; free virtual = 496031
Command: link_design -top top_Wallace_Multiplier -part xc7a200tfbg676-2
Design is defaulting to srcset: sources_1
Design is defaulting to constrset: constrs_1
INFO: [Netlist 29-17] Analyzing 17 Unisim elements for replacement
INFO: [Netlist 29-28] Unisim Transformation completed in 0 CPU seconds
INFO: [Project 1-479] Netlist was created with Vivado 2018.2
INFO: [Device 21-403] Loading part xc7a200tfbg676-2
INFO: [Project 1-570] Preparing netlist for logic optimization
INFO: [Project 1-111] Unisim Transformation Summary:
No Unisim elements were transformed.

6 Infos, 0 Warnings, 0 Critical Warnings and 0 Errors encountered.
link_design completed successfully
link_design: Time (s): cpu = 00:00:15 ; elapsed = 00:01:47 . Memory (MB): peak = 1687.965 ; gain = 299.445 ; free physical = 266490 ; free virtual = 495577
Command: opt_design
Attempting to get a license for feature 'Implementation' and/or device 'xc7a200t'
INFO: [Common 17-349] Got license for feature 'Implementation' and/or device 'xc7a200t'
Running DRC as a precondition to command opt_design

Starting DRC Task
INFO: [DRC 23-27] Running DRC with 8 threads
INFO: [Project 1-461] DRC finished with 0 Errors
INFO: [Project 1-462] Please refer to the DRC report (report_drc) for more information.

Time (s): cpu = 00:00:02 ; elapsed = 00:00:06 . Memory (MB): peak = 1781.996 ; gain = 94.031 ; free physical = 266435 ; free virtual = 495522

Starting Cache Timing Information Task
INFO: [Timing 38-35] Done setting XDC timing constraints.
Ending Cache Timing Information Task | Checksum: 1b9fc50b

Time (s): cpu = 00:00:25 ; elapsed = 00:02:22 . Memory (MB): peak = 2253.688 ; gain = 471.691 ; free physical = 265993 ; free virtual = 495083

Starting Logic Optimization Task

Phase 1 Retarget
INFO: [Opt 31-138] Pushed 0 inverter(s) to 0 load pin(s).
INFO: [Opt 31-49] Retargeted 0 cell(s).
Phase 1 Retarget | Checksum: 1b9fc50b

Time (s): cpu = 00:00:00.05 ; elapsed = 00:00:00.23 . Memory (MB): peak = 2253.691 ; gain = 0.004 ; free physical = 265952 ; free virtual = 495041
INFO: [Opt 31-389] Phase Retarget created 0 cells and removed 0 cells

Phase 2 Constant propagation
INFO: [Opt 31-138] Pushed 0 inverter(s) to 0 load pin(s).
Phase 2 Constant propagation | Checksum: 1b9fc50b

Time (s): cpu = 00:00:00.05 ; elapsed = 00:00:00.23 . Memory (MB): peak = 2253.691 ; gain = 0.004 ; free physical = 265952 ; free virtual = 495041
INFO: [Opt 31-389] Phase Constant propagation created 0 cells and removed 0 cells

Phase 3 Sweep
Phase 3 Sweep | Checksum: 1b9fc50b

Time (s): cpu = 00:00:00.06 ; elapsed = 00:00:00.24 . Memory (MB): peak = 2253.691 ; gain = 0.004 ; free physical = 265952 ; free virtual = 495041
INFO: [Opt 31-389] Phase Sweep created 0 cells and removed 0 cells

Phase 4 BUFG optimization
Phase 4 BUFG optimization | Checksum: 1b9fc50b

Time (s): cpu = 00:00:00.06 ; elapsed = 00:00:00.26 . Memory (MB): peak = 2253.691 ; gain = 0.004 ; free physical = 265975 ; free virtual = 495065
INFO: [Opt 31-662] Phase BUFG optimization created 0 cells of which 0 are BUFGs and removed 0 cells.

Phase 5 Shift Register Optimization
Phase 5 Shift Register Optimization | Checksum: 1b9fc50b

Time (s): cpu = 00:00:00.06 ; elapsed = 00:00:00.26 . Memory (MB): peak = 2253.691 ; gain = 0.004 ; free physical = 265996 ; free virtual = 495086
INFO: [Opt 31-389] Phase Shift Register Optimization created 0 cells and removed 0 cells

Phase 6 Post Processing Netlist
Phase 6 Post Processing Netlist | Checksum: 1b9fc50b

Time (s): cpu = 00:00:00.07 ; elapsed = 00:00:00.27 . Memory (MB): peak = 2253.691 ; gain = 0.004 ; free physical = 266035 ; free virtual = 495124
INFO: [Opt 31-389] Phase Post Processing Netlist created 0 cells and removed 0 cells

Starting Connectivity Check Task

Time (s): cpu = 00:00:00 ; elapsed = 00:00:00.01 . Memory (MB): peak = 2253.691 ; gain = 0.000 ; free physical = 266050 ; free virtual = 495139
Ending Logic Optimization Task | Checksum: 1b9fc50b

Time (s): cpu = 00:00:00.07 ; elapsed = 00:00:00.28 . Memory (MB): peak = 2253.691 ; gain = 0.004 ; free physical = 266073 ; free virtual = 495162

Starting Power Optimization Task
INFO: [Pwropt 34-132] Skipping clock gating for clocks with a period < 2.00 ns.
Ending Power Optimization Task | Checksum: 1b9fc50b

Time (s): cpu = 00:00:00.02 ; elapsed = 00:00:00.09 . Memory (MB): peak = 2253.691 ; gain = 0.000 ; free physical = 266135 ; free virtual = 495224

Starting Final Cleanup Task
Ending Final Cleanup Task | Checksum: 1b9fc50b

Time (s): cpu = 00:00:00 ; elapsed = 00:00:00 . Memory (MB): peak = 2253.691 ; gain = 0.000 ; free physical = 266133 ; free virtual = 495222
INFO: [Common 17-83] Releasing license: Implementation
22 Infos, 0 Warnings, 0 Critical Warnings and 0 Errors encountered.
opt_design completed successfully
opt_design: Time (s): cpu = 00:00:27 ; elapsed = 00:02:28 . Memory (MB): peak = 2253.691 ; gain = 565.727 ; free physical = 266133 ; free virtual = 495222
WARNING: [Constraints 18-5210] No constraint will be written out.
INFO: [Common 17-1381] The checkpoint '/home/rahul24/ICDesign/scripting-and-automation1/Automation/Project_1.runs/impl_1/top_Wallace_Multiplier_opt.dcp' has been generated.
INFO: [runtcl-4] Executing : report_drc -file top_Wallace_Multiplier_drc_opted.rpt -pb top_Wallace_Multiplier_drc_opted.pb -rpx top_Wallace_Multiplier_drc_opted.rpx
Command: report_drc -file top_Wallace_Multiplier_drc_opted.rpt -pb top_Wallace_Multiplier_drc_opted.pb -rpx top_Wallace_Multiplier_drc_opted.rpx
INFO: [IP_Flow 19-234] Refreshing IP repositories
INFO: [IP_Flow 19-1704] No user IP repositories specified
INFO: [IP_Flow 19-2313] Loaded Vivado IP repository '/opt/Xilinx/Vivado/2018.2/data/ip'.
INFO: [DRC 23-27] Running DRC with 8 threads
INFO: [Coretcl 2-168] The results of DRC are in file /home/rahul24/ICDesign/scripting-and-automation1/Automation/Project_1.runs/impl_1/top_Wallace_Multiplier_drc_opted.rpt.
report_drc completed successfully
report_drc: Time (s): cpu = 00:00:07 ; elapsed = 00:00:14 . Memory (MB): peak = 2325.727 ; gain = 40.016 ; free physical = 266073 ; free virtual = 495161
Command: place_design
Attempting to get a license for feature 'Implementation' and/or device 'xc7a200t'
INFO: [Common 17-349] Got license for feature 'Implementation' and/or device 'xc7a200t'
INFO: [DRC 23-27] Running DRC with 8 threads
INFO: [Vivado_Tcl 4-198] DRC finished with 0 Errors
INFO: [Vivado_Tcl 4-199] Please refer to the DRC report (report_drc) for more information.
Running DRC as a precondition to command place_design
INFO: [DRC 23-27] Running DRC with 8 threads
INFO: [Vivado_Tcl 4-198] DRC finished with 0 Errors
INFO: [Vivado_Tcl 4-199] Please refer to the DRC report (report_drc) for more information.

Starting Placer Task
INFO: [Place 30-611] Multithreading enabled for place_design using a maximum of 8 CPUs

Phase 1 Placer Initialization

Phase 1.1 Placer Initialization Netlist Sorting
Netlist sorting complete. Time (s): cpu = 00:00:00.01 ; elapsed = 00:00:00 . Memory (MB): peak = 2325.727 ; gain = 0.000 ; free physical = 267319 ; free virtual = 496408
Phase 1.1 Placer Initialization Netlist Sorting | Checksum: 09de0215

Time (s): cpu = 00:00:00.02 ; elapsed = 00:00:00.04 . Memory (MB): peak = 2325.727 ; gain = 0.000 ; free physical = 267319 ; free virtual = 496408
Netlist sorting complete. Time (s): cpu = 00:00:00 ; elapsed = 00:00:00 . Memory (MB): peak = 2325.727 ; gain = 0.000 ; free physical = 267318 ; free virtual = 496408

Phase 1.2 IO Placement/ Clock Placement/ Build Placer Device
INFO: [Timing 38-35] Done setting XDC timing constraints.
Phase 1.2 IO Placement/ Clock Placement/ Build Placer Device | Checksum: 6edef855

Time (s): cpu = 00:00:02 ; elapsed = 00:00:03 . Memory (MB): peak = 2352.734 ; gain = 27.008 ; free physical = 267298 ; free virtual = 496387

Phase 1.3 Build Placer Netlist Model
Phase 1.3 Build Placer Netlist Model | Checksum: 875f225c

Time (s): cpu = 00:00:02 ; elapsed = 00:00:04 . Memory (MB): peak = 2352.734 ; gain = 27.008 ; free physical = 267182 ; free virtual = 496271

Phase 1.4 Constrain Clocks/Macros
Phase 1.4 Constrain Clocks/Macros | Checksum: 875f225c

Time (s): cpu = 00:00:02 ; elapsed = 00:00:04 . Memory (MB): peak = 2352.734 ; gain = 27.008 ; free physical = 267197 ; free virtual = 496286
Phase 1 Placer Initialization | Checksum: 875f225c

Time (s): cpu = 00:00:02 ; elapsed = 00:00:04 . Memory (MB): peak = 2352.734 ; gain = 27.008 ; free physical = 267205 ; free virtual = 496294

Phase 2 Global Placement

Phase 2.1 Floorplanning
Phase 2.1 Floorplanning | Checksum: 875f225c

Time (s): cpu = 00:00:03 ; elapsed = 00:00:04 . Memory (MB): peak = 2352.734 ; gain = 27.008 ; free physical = 267290 ; free virtual = 496379
WARNING: [Place 46-29] place_design is not in timing mode. Skip physical synthesis in placer
Phase 2 Global Placement | Checksum: d291b9c3

Time (s): cpu = 00:00:37 ; elapsed = 00:00:32 . Memory (MB): peak = 2500.789 ; gain = 175.062 ; free physical = 267075 ; free virtual = 496163

Phase 3 Detail Placement

Phase 3.1 Commit Multi Column Macros
Phase 3.1 Commit Multi Column Macros | Checksum: d291b9c3

Time (s): cpu = 00:00:37 ; elapsed = 00:00:32 . Memory (MB): peak = 2500.789 ; gain = 175.062 ; free physical = 267075 ; free virtual = 496163

Phase 3.2 Commit Most Macros & LUTRAMs
Phase 3.2 Commit Most Macros & LUTRAMs | Checksum: 12c1ee24a

Time (s): cpu = 00:00:37 ; elapsed = 00:00:32 . Memory (MB): peak = 2500.789 ; gain = 175.062 ; free physical = 267200 ; free virtual = 496288

Phase 3.3 Area Swap Optimization
Phase 3.3 Area Swap Optimization | Checksum: 132ca16e5

Time (s): cpu = 00:00:37 ; elapsed = 00:00:32 . Memory (MB): peak = 2500.789 ; gain = 175.062 ; free physical = 267188 ; free virtual = 496276

Phase 3.4 Pipeline Register Optimization
Phase 3.4 Pipeline Register Optimization | Checksum: 132ca16e5

Time (s): cpu = 00:00:37 ; elapsed = 00:00:32 . Memory (MB): peak = 2500.789 ; gain = 175.062 ; free physical = 267187 ; free virtual = 496275

Phase 3.5 Small Shape Detail Placement
Phase 3.5 Small Shape Detail Placement | Checksum: 38a0e58c

Time (s): cpu = 00:00:39 ; elapsed = 00:00:34 . Memory (MB): peak = 2500.789 ; gain = 175.062 ; free physical = 267105 ; free virtual = 496193

Phase 3.6 Re-assign LUT pins
Phase 3.6 Re-assign LUT pins | Checksum: 38a0e58c

Time (s): cpu = 00:00:39 ; elapsed = 00:00:34 . Memory (MB): peak = 2500.789 ; gain = 175.062 ; free physical = 267092 ; free virtual = 496179

Phase 3.7 Pipeline Register Optimization
Phase 3.7 Pipeline Register Optimization | Checksum: 38a0e58c

Time (s): cpu = 00:00:39 ; elapsed = 00:00:34 . Memory (MB): peak = 2500.789 ; gain = 175.062 ; free physical = 267082 ; free virtual = 496170
Phase 3 Detail Placement | Checksum: 38a0e58c

Time (s): cpu = 00:00:39 ; elapsed = 00:00:34 . Memory (MB): peak = 2500.789 ; gain = 175.062 ; free physical = 267080 ; free virtual = 496168

Phase 4 Post Placement Optimization and Clean-Up

Phase 4.1 Post Commit Optimization
Phase 4.1 Post Commit Optimization | Checksum: 38a0e58c

Time (s): cpu = 00:00:39 ; elapsed = 00:00:34 . Memory (MB): peak = 2500.789 ; gain = 175.062 ; free physical = 267067 ; free virtual = 496155

Phase 4.2 Post Placement Cleanup
Phase 4.2 Post Placement Cleanup | Checksum: 38a0e58c

Time (s): cpu = 00:00:39 ; elapsed = 00:00:34 . Memory (MB): peak = 2500.789 ; gain = 175.062 ; free physical = 267071 ; free virtual = 496159

Phase 4.3 Placer Reporting
Phase 4.3 Placer Reporting | Checksum: 38a0e58c

Time (s): cpu = 00:00:39 ; elapsed = 00:00:34 . Memory (MB): peak = 2500.789 ; gain = 175.062 ; free physical = 267071 ; free virtual = 496159

Phase 4.4 Final Placement Cleanup
Phase 4.4 Final Placement Cleanup | Checksum: 38a0e58c

Time (s): cpu = 00:00:39 ; elapsed = 00:00:34 . Memory (MB): peak = 2500.789 ; gain = 175.062 ; free physical = 267071 ; free virtual = 496159
Phase 4 Post Placement Optimization and Clean-Up | Checksum: 38a0e58c

Time (s): cpu = 00:00:39 ; elapsed = 00:00:34 . Memory (MB): peak = 2500.789 ; gain = 175.062 ; free physical = 267071 ; free virtual = 496159
Ending Placer Task | Checksum: 1af06bbb

Time (s): cpu = 00:00:39 ; elapsed = 00:00:34 . Memory (MB): peak = 2500.789 ; gain = 175.062 ; free physical = 267109 ; free virtual = 496197
INFO: [Common 17-83] Releasing license: Implementation
39 Infos, 2 Warnings, 0 Critical Warnings and 0 Errors encountered.
place_design completed successfully
place_design: Time (s): cpu = 00:00:42 ; elapsed = 00:00:40 . Memory (MB): peak = 2500.789 ; gain = 175.062 ; free physical = 267109 ; free virtual = 496197
WARNING: [Constraints 18-5210] No constraint will be written out.
Writing placer database...
Writing XDEF routing.
Writing XDEF routing logical nets.
Writing XDEF routing special nets.
Write XDEF Complete: Time (s): cpu = 00:00:00.17 ; elapsed = 00:00:00.81 . Memory (MB): peak = 2500.789 ; gain = 0.000 ; free physical = 267112 ; free virtual = 496200
INFO: [Common 17-1381] The checkpoint '/home/rahul24/ICDesign/scripting-and-automation1/Automation/Project_1.runs/impl_1/top_Wallace_Multiplier_placed.dcp' has been generated.
INFO: [runtcl-4] Executing : report_io -file top_Wallace_Multiplier_io_placed.rpt
report_io: Time (s): cpu = 00:00:00.26 ; elapsed = 00:00:00.88 . Memory (MB): peak = 2500.789 ; gain = 0.000 ; free physical = 267271 ; free virtual = 496359
INFO: [runtcl-4] Executing : report_utilization -file top_Wallace_Multiplier_utilization_placed.rpt -pb top_Wallace_Multiplier_utilization_placed.pb
report_utilization: Time (s): cpu = 00:00:00.22 ; elapsed = 00:00:00.77 . Memory (MB): peak = 2500.789 ; gain = 0.000 ; free physical = 267183 ; free virtual = 496271
INFO: [runtcl-4] Executing : report_control_sets -verbose -file top_Wallace_Multiplier_control_sets_placed.rpt
report_control_sets: Time (s): cpu = 00:00:00.01 ; elapsed = 00:00:00.44 . Memory (MB): peak = 2500.789 ; gain = 0.000 ; free physical = 267155 ; free virtual = 496244
Command: route_design
Attempting to get a license for feature 'Implementation' and/or device 'xc7a200t'
INFO: [Common 17-349] Got license for feature 'Implementation' and/or device 'xc7a200t'
Running DRC as a precondition to command route_design
INFO: [DRC 23-27] Running DRC with 8 threads
INFO: [Vivado_Tcl 4-198] DRC finished with 0 Errors
INFO: [Vivado_Tcl 4-199] Please refer to the DRC report (report_drc) for more information.


Starting Routing Task
INFO: [Route 35-254] Multithreading enabled for route_design using a maximum of 8 CPUs
Checksum: PlaceDB: 111269a6 ConstDB: 0 ShapeSum: 9de0215 RouteDB: 0

Phase 1 Build RT Design
Phase 1 Build RT Design | Checksum: 111ff39af

Time (s): cpu = 00:02:07 ; elapsed = 00:03:33 . Memory (MB): peak = 2620.168 ; gain = 119.379 ; free physical = 266390 ; free virtual = 495480
Post Restoration Checksum: NetGraph: cade79aa NumContArr: 4720c005 Constraints: 0 Timing: 0

Phase 2 Router Initialization
INFO: [Route 35-64] No timing constraints were detected. The router will operate in resource-optimization mode.

Phase 2.1 Fix Topology Constraints
Phase 2.1 Fix Topology Constraints | Checksum: 111ff39af

Time (s): cpu = 00:02:07 ; elapsed = 00:03:33 . Memory (MB): peak = 2632.156 ; gain = 131.367 ; free physical = 266429 ; free virtual = 495519

Phase 2.2 Pre Route Cleanup
Phase 2.2 Pre Route Cleanup | Checksum: 111ff39af

Time (s): cpu = 00:02:07 ; elapsed = 00:03:33 . Memory (MB): peak = 2632.156 ; gain = 131.367 ; free physical = 266429 ; free virtual = 495520
 Number of Nodes with overlaps = 0
Phase 2 Router Initialization | Checksum: 98cdf0ab

Time (s): cpu = 00:02:08 ; elapsed = 00:03:35 . Memory (MB): peak = 2647.672 ; gain = 146.883 ; free physical = 266653 ; free virtual = 495744

Phase 3 Initial Routing
Phase 3 Initial Routing | Checksum: b496c216

Time (s): cpu = 00:02:09 ; elapsed = 00:03:35 . Memory (MB): peak = 2647.672 ; gain = 146.883 ; free physical = 266692 ; free virtual = 495782

Phase 4 Rip-up And Reroute

Phase 4.1 Global Iteration 0
 Number of Nodes with overlaps = 3
 Number of Nodes with overlaps = 0
Phase 4.1 Global Iteration 0 | Checksum: 10d62e476

Time (s): cpu = 00:02:09 ; elapsed = 00:03:36 . Memory (MB): peak = 2647.672 ; gain = 146.883 ; free physical = 266916 ; free virtual = 496006
Phase 4 Rip-up And Reroute | Checksum: 10d62e476

Time (s): cpu = 00:02:09 ; elapsed = 00:03:36 . Memory (MB): peak = 2647.672 ; gain = 146.883 ; free physical = 266914 ; free virtual = 496004

Phase 5 Delay and Skew Optimization
Phase 5 Delay and Skew Optimization | Checksum: 10d62e476

Time (s): cpu = 00:02:09 ; elapsed = 00:03:36 . Memory (MB): peak = 2647.672 ; gain = 146.883 ; free physical = 266914 ; free virtual = 496004

Phase 6 Post Hold Fix

Phase 6.1 Hold Fix Iter
Phase 6.1 Hold Fix Iter | Checksum: 10d62e476

Time (s): cpu = 00:02:09 ; elapsed = 00:03:36 . Memory (MB): peak = 2647.672 ; gain = 146.883 ; free physical = 266913 ; free virtual = 496004
Phase 6 Post Hold Fix | Checksum: 10d62e476

Time (s): cpu = 00:02:09 ; elapsed = 00:03:36 . Memory (MB): peak = 2647.672 ; gain = 146.883 ; free physical = 266913 ; free virtual = 496003

Phase 7 Route finalize

Router Utilization Summary
  Global Vertical Routing Utilization    = 0.00172082 %
  Global Horizontal Routing Utilization  = 0.00122274 %
  Routable Net Status*
  *Does not include unroutable nets such as driverless and loadless.
  Run report_route_status for detailed report.
  Number of Failed Nets               = 0
  Number of Unrouted Nets             = 0
  Number of Partially Routed Nets     = 0
  Number of Node Overlaps             = 0

Congestion Report
North Dir 1x1 Area, Max Cong = 14.4144%, No Congested Regions.
South Dir 1x1 Area, Max Cong = 3.6036%, No Congested Regions.
East Dir 1x1 Area, Max Cong = 4.41176%, No Congested Regions.
West Dir 1x1 Area, Max Cong = 7.35294%, No Congested Regions.

------------------------------
Reporting congestion hotspots
------------------------------
Direction: North
----------------
Congested clusters found at Level 0
Effective congestion level: 0 Aspect Ratio: 1 Sparse Ratio: 0
Direction: South
----------------
Congested clusters found at Level 0
Effective congestion level: 0 Aspect Ratio: 1 Sparse Ratio: 0
Direction: East
----------------
Congested clusters found at Level 0
Effective congestion level: 0 Aspect Ratio: 1 Sparse Ratio: 0
Direction: West
----------------
Congested clusters found at Level 0
Effective congestion level: 0 Aspect Ratio: 1 Sparse Ratio: 0

Phase 7 Route finalize | Checksum: 10d62e476

Time (s): cpu = 00:02:10 ; elapsed = 00:03:36 . Memory (MB): peak = 2647.672 ; gain = 146.883 ; free physical = 266895 ; free virtual = 495985

Phase 8 Verifying routed nets

 Verification completed successfully
Phase 8 Verifying routed nets | Checksum: 10d62e476

Time (s): cpu = 00:02:10 ; elapsed = 00:03:36 . Memory (MB): peak = 2647.672 ; gain = 146.883 ; free physical = 266890 ; free virtual = 495980

Phase 9 Depositing Routes
Phase 9 Depositing Routes | Checksum: 1a56d681c

Time (s): cpu = 00:02:10 ; elapsed = 00:03:36 . Memory (MB): peak = 2647.672 ; gain = 146.883 ; free physical = 266877 ; free virtual = 495967
INFO: [Route 35-16] Router Completed Successfully

Time (s): cpu = 00:02:10 ; elapsed = 00:03:36 . Memory (MB): peak = 2647.672 ; gain = 146.883 ; free physical = 266901 ; free virtual = 495992

Routing Is Done.
INFO: [Common 17-83] Releasing license: Implementation
51 Infos, 3 Warnings, 0 Critical Warnings and 0 Errors encountered.
route_design completed successfully
route_design: Time (s): cpu = 00:02:13 ; elapsed = 00:03:42 . Memory (MB): peak = 2647.676 ; gain = 146.887 ; free physical = 266899 ; free virtual = 495989
WARNING: [Constraints 18-5210] No constraint will be written out.
Writing placer database...
Writing XDEF routing.
Writing XDEF routing logical nets.
Writing XDEF routing special nets.
Write XDEF Complete: Time (s): cpu = 00:00:00.04 ; elapsed = 00:00:00.08 . Memory (MB): peak = 2647.676 ; gain = 0.000 ; free physical = 266924 ; free virtual = 496015
INFO: [Common 17-1381] The checkpoint '/home/rahul24/ICDesign/scripting-and-automation1/Automation/Project_1.runs/impl_1/top_Wallace_Multiplier_routed.dcp' has been generated.
INFO: [runtcl-4] Executing : report_drc -file top_Wallace_Multiplier_drc_routed.rpt -pb top_Wallace_Multiplier_drc_routed.pb -rpx top_Wallace_Multiplier_drc_routed.rpx
Command: report_drc -file top_Wallace_Multiplier_drc_routed.rpt -pb top_Wallace_Multiplier_drc_routed.pb -rpx top_Wallace_Multiplier_drc_routed.rpx
INFO: [DRC 23-27] Running DRC with 8 threads
INFO: [Coretcl 2-168] The results of DRC are in file /home/rahul24/ICDesign/scripting-and-automation1/Automation/Project_1.runs/impl_1/top_Wallace_Multiplier_drc_routed.rpt.
report_drc completed successfully
report_drc: Time (s): cpu = 00:00:04 ; elapsed = 00:00:07 . Memory (MB): peak = 2735.719 ; gain = 88.039 ; free physical = 267346 ; free virtual = 496437
INFO: [runtcl-4] Executing : report_methodology -file top_Wallace_Multiplier_methodology_drc_routed.rpt -pb top_Wallace_Multiplier_methodology_drc_routed.pb -rpx top_Wallace_Multiplier_methodology_drc_routed.rpx
Command: report_methodology -file top_Wallace_Multiplier_methodology_drc_routed.rpt -pb top_Wallace_Multiplier_methodology_drc_routed.pb -rpx top_Wallace_Multiplier_methodology_drc_routed.rpx
INFO: [Timing 38-35] Done setting XDC timing constraints.
INFO: [Timing 38-35] Done setting XDC timing constraints.
INFO: [DRC 23-133] Running Methodology with 8 threads
INFO: [Coretcl 2-1520] The results of Report Methodology are in file /home/rahul24/ICDesign/scripting-and-automation1/Automation/Project_1.runs/impl_1/top_Wallace_Multiplier_methodology_drc_routed.rpt.
report_methodology completed successfully
report_methodology: Time (s): cpu = 00:00:03 ; elapsed = 00:00:06 . Memory (MB): peak = 2735.719 ; gain = 0.000 ; free physical = 267383 ; free virtual = 496472
INFO: [runtcl-4] Executing : report_power -file top_Wallace_Multiplier_power_routed.rpt -pb top_Wallace_Multiplier_power_summary_routed.pb -rpx top_Wallace_Multiplier_power_routed.rpx
Command: report_power -file top_Wallace_Multiplier_power_routed.rpt -pb top_Wallace_Multiplier_power_summary_routed.pb -rpx top_Wallace_Multiplier_power_routed.rpx
WARNING: [Power 33-232] No user defined clocks were found in the design!
Resolution: Please specify clocks using create_clock/create_generated_clock for sequential elements. For pure combinatorial circuits, please specify a virtual clock, otherwise the vectorless estimation might be inaccurate
INFO: [Timing 38-35] Done setting XDC timing constraints.
Running Vector-less Activity Propagation...

Finished Running Vector-less Activity Propagation
62 Infos, 5 Warnings, 0 Critical Warnings and 0 Errors encountered.
report_power completed successfully
report_power: Time (s): cpu = 00:00:02 ; elapsed = 00:00:05 . Memory (MB): peak = 2797.039 ; gain = 61.320 ; free physical = 267395 ; free virtual = 496484
INFO: [runtcl-4] Executing : report_route_status -file top_Wallace_Multiplier_route_status.rpt -pb top_Wallace_Multiplier_route_status.pb
INFO: [runtcl-4] Executing : report_timing_summary -max_paths 10 -file top_Wallace_Multiplier_timing_summary_routed.rpt -pb top_Wallace_Multiplier_timing_summary_routed.pb -rpx top_Wallace_Multiplier_timing_summary_routed.rpx -warn_on_violation 
INFO: [Timing 38-91] UpdateTimingParams: Speed grade: -2, Delay Type: min_max, Timing Stage: Requireds.
INFO: [Timing 38-191] Multithreading enabled for timing update using a maximum of 8 CPUs
WARNING: [Timing 38-313] There are no user specified timing constraints. Timing constraints are needed for proper timing analysis.
INFO: [runtcl-4] Executing : report_incremental_reuse -file top_Wallace_Multiplier_incremental_reuse_routed.rpt
INFO: [Vivado_Tcl 4-545] No incremental reuse to report, no incremental placement and routing data was found.
INFO: [runtcl-4] Executing : report_clock_utilization -file top_Wallace_Multiplier_clock_utilization_routed.rpt
report_clock_utilization: Time (s): cpu = 00:00:05 ; elapsed = 00:00:09 . Memory (MB): peak = 2797.039 ; gain = 0.000 ; free physical = 267344 ; free virtual = 496433
INFO: [runtcl-4] Executing : report_bus_skew -warn_on_violation -file top_Wallace_Multiplier_bus_skew_routed.rpt -pb top_Wallace_Multiplier_bus_skew_routed.pb -rpx top_Wallace_Multiplier_bus_skew_routed.rpx
INFO: [Timing 38-91] UpdateTimingParams: Speed grade: -2, Delay Type: min_max, Timing Stage: Requireds.
INFO: [Timing 38-191] Multithreading enabled for timing update using a maximum of 8 CPUs
INFO: [Common 17-206] Exiting Vivado at Sat Feb 15 10:55:22 2025...
