Copyright 1986-2018 Xilinx, Inc. All Rights Reserved.
--------------------------------------------------------------------------------------------------------------------------------------------------------------------------------------------------------
| Tool Version : Vivado v.2018.2 (lin64) Build 2258646 Thu Jun 14 20:02:38 MDT 2018
| Date         : Sat Feb 15 10:55:06 2025
| Host         : vlsi.iitgn.ac.in running 64-bit CentOS Linux release 7.4.1708 (Core)
| Command      : report_methodology -file top_Wallace_Multiplier_methodology_drc_routed.rpt -pb top_Wallace_Multiplier_methodology_drc_routed.pb -rpx top_Wallace_Multiplier_methodology_drc_routed.rpx
| Design       : top_Wallace_Multiplier
| Device       : xc7a200tfbg676-2
| Speed File   : -2
| Design State : Routed
--------------------------------------------------------------------------------------------------------------------------------------------------------------------------------------------------------

Report Methodology

Table of Contents
-----------------
1. REPORT SUMMARY
2. REPORT DETAILS

1. REPORT SUMMARY
-----------------
            Netlist: netlist
          Floorplan: design_1
      Design limits: <entire design considered>
             Max violations: <unlimited>
             Violations found: 0
+------+----------+-------------+------------+
| Rule | Severity | Description | Violations |
+------+----------+-------------+------------+
+------+----------+-------------+------------+

2. REPORT DETAILS
-----------------

